<?xml version="1.0" encoding="UTF-8"?>
<coverage generated="1664216543919" clover="3.2.0">
  <project timestamp="1664216543919" name="All files">
    <metrics statements="143" coveredstatements="137" conditionals="30" coveredconditionals="22" methods="38" coveredmethods="35" elements="211" coveredelements="194" complexity="0" loc="143" ncloc="143" packages="9" files="11" classes="11"/>
    <package name="src">
      <metrics statements="18" coveredstatements="18" conditionals="1" coveredconditionals="0" methods="0" coveredmethods="0"/>
      <file name="app.ts" path="C:\Users\cello\OneDrive\Área de Trabalho\Estudo\Driven\projeto21-singmeasong\back-end\src\app.ts">
        <metrics statements="15" coveredstatements="15" conditionals="1" coveredconditionals="0" methods="0" coveredmethods="0"/>
        <line num="1" count="1" type="stmt"/>
        <line num="2" count="1" type="stmt"/>
        <line num="3" count="1" type="stmt"/>
        <line num="4" count="1" type="stmt"/>
        <line num="5" count="1" type="stmt"/>
        <line num="6" count="1" type="stmt"/>
        <line num="7" count="1" type="stmt"/>
        <line num="8" count="1" type="stmt"/>
        <line num="10" count="1" type="stmt"/>
        <line num="11" count="1" type="stmt"/>
        <line num="12" count="1" type="stmt"/>
        <line num="14" count="1" type="cond" truecount="0" falsecount="1"/>
        <line num="16" count="1" type="stmt"/>
        <line num="17" count="1" type="stmt"/>
        <line num="19" count="1" type="stmt"/>
      </file>
      <file name="database.ts" path="C:\Users\cello\OneDrive\Área de Trabalho\Estudo\Driven\projeto21-singmeasong\back-end\src\database.ts">
        <metrics statements="3" coveredstatements="3" conditionals="0" coveredconditionals="0" methods="0" coveredmethods="0"/>
        <line num="1" count="2" type="stmt"/>
        <line num="3" count="2" type="stmt"/>
        <line num="4" count="2" type="stmt"/>
      </file>
    </package>
    <package name="src.controllers">
      <metrics statements="28" coveredstatements="26" conditionals="1" coveredconditionals="1" methods="8" coveredmethods="7"/>
      <file name="recommendationController.ts" path="C:\Users\cello\OneDrive\Área de Trabalho\Estudo\Driven\projeto21-singmeasong\back-end\src\controllers\recommendationController.ts">
        <metrics statements="28" coveredstatements="26" conditionals="1" coveredconditionals="1" methods="8" coveredmethods="7"/>
        <line num="2" count="1" type="stmt"/>
        <line num="3" count="1" type="stmt"/>
        <line num="4" count="1" type="stmt"/>
        <line num="7" count="6" type="stmt"/>
        <line num="8" count="6" type="cond" truecount="1" falsecount="0"/>
        <line num="9" count="3" type="stmt"/>
        <line num="12" count="3" type="stmt"/>
        <line num="14" count="2" type="stmt"/>
        <line num="18" count="2" type="stmt"/>
        <line num="20" count="2" type="stmt"/>
        <line num="22" count="1" type="stmt"/>
        <line num="26" count="3" type="stmt"/>
        <line num="28" count="3" type="stmt"/>
        <line num="30" count="1" type="stmt"/>
        <line num="33" count="1" type="stmt"/>
        <line num="35" count="0" type="stmt"/>
        <line num="37" count="0" type="stmt"/>
        <line num="41" count="101" type="stmt"/>
        <line num="43" count="100" type="stmt"/>
        <line num="47" count="1" type="stmt"/>
        <line num="48" count="1" type="stmt"/>
        <line num="52" count="2" type="stmt"/>
        <line num="54" count="2" type="stmt"/>
        <line num="55" count="2" type="stmt"/>
        <line num="59" count="2" type="stmt"/>
        <line num="61" count="2" type="stmt"/>
        <line num="62" count="1" type="stmt"/>
        <line num="65" count="1" type="stmt"/>
      </file>
    </package>
    <package name="src.middlewares">
      <metrics statements="6" coveredstatements="5" conditionals="1" coveredconditionals="1" methods="1" coveredmethods="1"/>
      <file name="errorHandlerMiddleware.ts" path="C:\Users\cello\OneDrive\Área de Trabalho\Estudo\Driven\projeto21-singmeasong\back-end\src\middlewares\errorHandlerMiddleware.ts">
        <metrics statements="6" coveredstatements="5" conditionals="1" coveredconditionals="1" methods="1" coveredmethods="1"/>
        <line num="2" count="1" type="stmt"/>
        <line num="8" count="1" type="stmt"/>
        <line num="14" count="9" type="stmt"/>
        <line num="16" count="9" type="cond" truecount="1" falsecount="0"/>
        <line num="17" count="9" type="stmt"/>
        <line num="20" count="0" type="stmt"/>
      </file>
    </package>
    <package name="src.repositories">
      <metrics statements="14" coveredstatements="13" conditionals="1" coveredconditionals="1" methods="9" coveredmethods="8"/>
      <file name="recommendationRepository.ts" path="C:\Users\cello\OneDrive\Área de Trabalho\Estudo\Driven\projeto21-singmeasong\back-end\src\repositories\recommendationRepository.ts">
        <metrics statements="14" coveredstatements="13" conditionals="1" coveredconditionals="1" methods="9" coveredmethods="8"/>
        <line num="2" count="2" type="stmt"/>
        <line num="6" count="2" type="stmt"/>
        <line num="12" count="0" type="stmt"/>
        <line num="22" count="103" type="stmt"/>
        <line num="24" count="103" type="stmt"/>
        <line num="32" count="2" type="stmt"/>
        <line num="41" count="103" type="cond" truecount="1" falsecount="0"/>
        <line num="43" count="101" type="stmt"/>
        <line num="45" count="101" type="stmt"/>
        <line num="51" count="7" type="stmt"/>
        <line num="57" count="3" type="stmt"/>
        <line num="63" count="2" type="stmt"/>
        <line num="72" count="1" type="stmt"/>
        <line num="77" count="2" type="stmt"/>
      </file>
    </package>
    <package name="src.routers">
      <metrics statements="16" coveredstatements="16" conditionals="0" coveredconditionals="0" methods="0" coveredmethods="0"/>
      <file name="recommendationRouter.ts" path="C:\Users\cello\OneDrive\Área de Trabalho\Estudo\Driven\projeto21-singmeasong\back-end\src\routers\recommendationRouter.ts">
        <metrics statements="11" coveredstatements="11" conditionals="0" coveredconditionals="0" methods="0" coveredmethods="0"/>
        <line num="1" count="1" type="stmt"/>
        <line num="2" count="1" type="stmt"/>
        <line num="4" count="1" type="stmt"/>
        <line num="6" count="1" type="stmt"/>
        <line num="7" count="1" type="stmt"/>
        <line num="8" count="1" type="stmt"/>
        <line num="9" count="1" type="stmt"/>
        <line num="10" count="1" type="stmt"/>
        <line num="11" count="1" type="stmt"/>
        <line num="12" count="1" type="stmt"/>
        <line num="14" count="1" type="stmt"/>
      </file>
      <file name="testEnvironmentRouter.ts" path="C:\Users\cello\OneDrive\Área de Trabalho\Estudo\Driven\projeto21-singmeasong\back-end\src\routers\testEnvironmentRouter.ts">
        <metrics statements="5" coveredstatements="5" conditionals="0" coveredconditionals="0" methods="0" coveredmethods="0"/>
        <line num="1" count="1" type="stmt"/>
        <line num="2" count="1" type="stmt"/>
        <line num="4" count="1" type="stmt"/>
        <line num="6" count="1" type="stmt"/>
        <line num="8" count="1" type="stmt"/>
      </file>
    </package>
    <package name="src.schemas">
      <metrics statements="3" coveredstatements="3" conditionals="0" coveredconditionals="0" methods="0" coveredmethods="0"/>
      <file name="recommendationsSchemas.ts" path="C:\Users\cello\OneDrive\Área de Trabalho\Estudo\Driven\projeto21-singmeasong\back-end\src\schemas\recommendationsSchemas.ts">
        <metrics statements="3" coveredstatements="3" conditionals="0" coveredconditionals="0" methods="0" coveredmethods="0"/>
        <line num="1" count="1" type="stmt"/>
        <line num="4" count="1" type="stmt"/>
        <line num="6" count="1" type="stmt"/>
      </file>
    </package>
    <package name="src.services">
      <metrics statements="33" coveredstatements="33" conditionals="6" coveredconditionals="6" methods="10" coveredmethods="10"/>
      <file name="recommendationsService.ts" path="C:\Users\cello\OneDrive\Área de Trabalho\Estudo\Driven\projeto21-singmeasong\back-end\src\services\recommendationsService.ts">
        <metrics statements="33" coveredstatements="33" conditionals="6" coveredconditionals="6" methods="10" coveredmethods="10"/>
        <line num="2" count="2" type="stmt"/>
        <line num="3" count="2" type="stmt"/>
        <line num="8" count="5" type="stmt"/>
        <line num="11" count="5" type="cond" truecount="1" falsecount="0"/>
        <line num="12" count="2" type="stmt"/>
        <line num="14" count="3" type="stmt"/>
        <line num="18" count="4" type="stmt"/>
        <line num="20" count="2" type="stmt"/>
        <line num="25" count="1" type="stmt"/>
        <line num="29" count="6" type="stmt"/>
        <line num="31" count="3" type="stmt"/>
        <line num="36" count="3" type="cond" truecount="1" falsecount="0"/>
        <line num="37" count="2" type="stmt"/>
        <line num="42" count="12" type="stmt"/>
        <line num="43" count="12" type="cond" truecount="1" falsecount="0"/>
        <line num="45" count="6" type="stmt"/>
        <line num="49" count="1" type="stmt"/>
        <line num="53" count="3" type="stmt"/>
        <line num="57" count="104" type="stmt"/>
        <line num="58" count="104" type="stmt"/>
        <line num="60" count="104" type="stmt"/>
        <line num="61" count="104" type="cond" truecount="1" falsecount="0"/>
        <line num="62" count="2" type="stmt"/>
        <line num="65" count="102" type="stmt"/>
        <line num="66" count="102" type="stmt"/>
        <line num="70" count="104" type="stmt"/>
        <line num="75" count="104" type="cond" truecount="1" falsecount="0"/>
        <line num="76" count="102" type="stmt"/>
        <line num="79" count="2" type="stmt"/>
        <line num="83" count="104" type="cond" truecount="1" falsecount="0"/>
        <line num="84" count="73" type="stmt"/>
        <line num="87" count="31" type="stmt"/>
        <line num="90" count="2" type="stmt"/>
      </file>
    </package>
    <package name="src.utils">
      <metrics statements="16" coveredstatements="14" conditionals="20" coveredconditionals="13" methods="6" coveredmethods="5"/>
      <file name="errorUtils.ts" path="C:\Users\cello\OneDrive\Área de Trabalho\Estudo\Driven\projeto21-singmeasong\back-end\src\utils\errorUtils.ts">
        <metrics statements="16" coveredstatements="14" conditionals="20" coveredconditionals="13" methods="6" coveredmethods="5"/>
        <line num="7" count="2" type="stmt"/>
        <line num="8" count="9" type="stmt"/>
        <line num="11" count="2" type="stmt"/>
        <line num="12" count="9" type="cond" truecount="1" falsecount="0"/>
        <line num="13" count="8" type="cond" truecount="1" falsecount="0"/>
        <line num="14" count="3" type="cond" truecount="0" falsecount="1"/>
        <line num="15" count="3" type="cond" truecount="1" falsecount="0"/>
        <line num="16" count="0" type="stmt"/>
        <line num="19" count="2" type="stmt"/>
        <line num="20" count="3" type="cond" truecount="3" falsecount="1"/>
        <line num="23" count="2" type="stmt"/>
        <line num="24" count="11" type="cond" truecount="4" falsecount="0"/>
        <line num="27" count="2" type="stmt"/>
        <line num="28" count="0" type="cond" truecount="0" falsecount="4"/>
        <line num="31" count="2" type="stmt"/>
        <line num="32" count="3" type="cond" truecount="3" falsecount="1"/>
      </file>
    </package>
    <package name="tests.factories">
      <metrics statements="9" coveredstatements="9" conditionals="0" coveredconditionals="0" methods="4" coveredmethods="4"/>
      <file name="recommendationFactory.ts" path="C:\Users\cello\OneDrive\Área de Trabalho\Estudo\Driven\projeto21-singmeasong\back-end\tests\factories\recommendationFactory.ts">
        <metrics statements="9" coveredstatements="9" conditionals="0" coveredconditionals="0" methods="4" coveredmethods="4"/>
        <line num="1" count="2" type="stmt"/>
        <line num="4" count="2" type="stmt"/>
        <line num="5" count="10" type="stmt"/>
        <line num="12" count="2" type="stmt"/>
        <line num="13" count="2" type="stmt"/>
        <line num="18" count="2" type="stmt"/>
        <line num="19" count="3" type="stmt"/>
        <line num="33" count="2" type="stmt"/>
        <line num="34" count="1" type="stmt"/>
      </file>
    </package>
  </project>
</coverage>
