TN:
SF:src\app.ts
FNF:0
FNH:0
DA:1,1
DA:2,1
DA:3,1
DA:4,1
DA:5,1
DA:6,1
DA:7,1
DA:8,1
DA:10,1
DA:11,1
DA:12,1
DA:14,1
DA:16,1
DA:17,1
DA:19,1
LF:15
LH:15
BRDA:14,0,0,0
BRF:1
BRH:0
end_of_record
TN:
SF:src\database.ts
FNF:0
FNH:0
DA:1,2
DA:3,2
DA:4,2
LF:3
LH:3
BRF:0
BRH:0
end_of_record
TN:
SF:src\controllers\recommendationController.ts
FN:6,insert
FN:17,upvote
FN:25,downvote
FN:33,reset
FN:40,random
FN:46,get
FN:51,getTop
FN:58,getById
FNF:8
FNH:7
FNDA:6,insert
FNDA:2,upvote
FNDA:3,downvote
FNDA:0,reset
FNDA:101,random
FNDA:1,get
FNDA:2,getTop
FNDA:2,getById
DA:2,1
DA:3,1
DA:4,1
DA:7,6
DA:8,6
DA:9,3
DA:12,3
DA:14,2
DA:18,2
DA:20,2
DA:22,1
DA:26,3
DA:28,3
DA:30,1
DA:33,1
DA:35,0
DA:37,0
DA:41,101
DA:43,100
DA:47,1
DA:48,1
DA:52,2
DA:54,2
DA:55,2
DA:59,2
DA:61,2
DA:62,1
DA:65,1
LF:28
LH:26
BRDA:8,0,0,3
BRF:1
BRH:1
end_of_record
TN:
SF:src\middlewares\errorHandlerMiddleware.ts
FN:8,errorHandlerMiddleware
FNF:1
FNH:1
FNDA:9,errorHandlerMiddleware
DA:2,1
DA:8,1
DA:14,9
DA:16,9
DA:17,9
DA:20,0
LF:6
LH:5
BRDA:16,0,0,9
BRF:1
BRH:1
end_of_record
TN:
SF:src\repositories\recommendationRepository.ts
FN:5,create
FN:11,reset
FN:21,findAll
FN:31,getAmountByScore
FN:38,getFindAllFilter
FN:50,find
FN:56,findByName
FN:62,updateScore
FN:71,remove
FNF:9
FNH:8
FNDA:2,create
FNDA:0,reset
FNDA:103,findAll
FNDA:2,getAmountByScore
FNDA:103,getFindAllFilter
FNDA:7,find
FNDA:3,findByName
FNDA:2,updateScore
FNDA:1,remove
DA:2,2
DA:6,2
DA:12,0
DA:22,103
DA:24,103
DA:32,2
DA:41,103
DA:43,101
DA:45,101
DA:51,7
DA:57,3
DA:63,2
DA:72,1
DA:77,2
LF:14
LH:13
BRDA:41,0,0,2
BRF:1
BRH:1
end_of_record
TN:
SF:src\routers\recommendationRouter.ts
FNF:0
FNH:0
DA:1,1
DA:2,1
DA:4,1
DA:6,1
DA:7,1
DA:8,1
DA:9,1
DA:10,1
DA:11,1
DA:12,1
DA:14,1
LF:11
LH:11
BRF:0
BRH:0
end_of_record
TN:
SF:src\routers\testEnvironmentRouter.ts
FNF:0
FNH:0
DA:1,1
DA:2,1
DA:4,1
DA:6,1
DA:8,1
LF:5
LH:5
BRF:0
BRH:0
end_of_record
TN:
SF:src\schemas\recommendationsSchemas.ts
FNF:0
FNH:0
DA:1,1
DA:4,1
DA:6,1
LF:3
LH:3
BRF:0
BRH:0
end_of_record
TN:
SF:src\services\recommendationsService.ts
FN:7,insert
FN:17,upvote
FN:24,reset
FN:28,downvote
FN:41,getByIdOrFail
FN:48,get
FN:52,getTop
FN:56,getRandom
FN:69,getByScore
FN:82,getScoreFilter
FNF:10
FNH:10
FNDA:5,insert
FNDA:4,upvote
FNDA:1,reset
FNDA:6,downvote
FNDA:12,getByIdOrFail
FNDA:1,get
FNDA:3,getTop
FNDA:104,getRandom
FNDA:104,getByScore
FNDA:104,getScoreFilter
DA:2,2
DA:3,2
DA:8,5
DA:11,5
DA:12,2
DA:14,3
DA:18,4
DA:20,2
DA:25,1
DA:29,6
DA:31,3
DA:36,3
DA:37,2
DA:42,12
DA:43,12
DA:45,6
DA:49,1
DA:53,3
DA:57,104
DA:58,104
DA:60,104
DA:61,104
DA:62,2
DA:65,102
DA:66,102
DA:70,104
DA:75,104
DA:76,102
DA:79,2
DA:83,104
DA:84,73
DA:87,31
DA:90,2
LF:33
LH:33
BRDA:11,0,0,2
BRDA:36,1,0,2
BRDA:43,2,0,6
BRDA:61,3,0,2
BRDA:75,4,0,102
BRDA:83,5,0,73
BRF:6
BRH:6
end_of_record
TN:
SF:src\utils\errorUtils.ts
FN:7,isAppError
FN:11,errorTypeToStatusCode
FN:19,conflictError
FN:23,notFoundError
FN:27,unauthorizedError
FN:31,wrongSchemaError
FNF:6
FNH:5
FNDA:9,isAppError
FNDA:9,errorTypeToStatusCode
FNDA:3,conflictError
FNDA:11,notFoundError
FNDA:0,unauthorizedError
FNDA:3,wrongSchemaError
DA:7,2
DA:8,9
DA:11,2
DA:12,9
DA:13,8
DA:14,3
DA:15,3
DA:16,0
DA:19,2
DA:20,3
DA:23,2
DA:24,11
DA:27,2
DA:28,0
DA:31,2
DA:32,3
LF:16
LH:14
BRDA:12,0,0,1
BRDA:13,1,0,5
BRDA:14,2,0,0
BRDA:15,3,0,3
BRDA:20,4,0,3
BRDA:20,4,1,0
BRDA:20,5,0,3
BRDA:20,5,1,3
BRDA:24,6,0,2
BRDA:24,6,1,9
BRDA:24,7,0,11
BRDA:24,7,1,11
BRDA:28,8,0,0
BRDA:28,8,1,0
BRDA:28,9,0,0
BRDA:28,9,1,0
BRDA:32,10,0,0
BRDA:32,10,1,3
BRDA:32,11,0,3
BRDA:32,11,1,3
BRF:20
BRH:13
end_of_record
TN:
SF:tests\factories\recommendationFactory.ts
FN:4,recommendationFactory
FN:12,createRecomendationFactory
FN:18,createRecomendationsWithScoreFactory
FN:33,createRecomendationWithNegativeScoreFactory
FNF:4
FNH:4
FNDA:10,recommendationFactory
FNDA:2,createRecomendationFactory
FNDA:3,createRecomendationsWithScoreFactory
FNDA:1,createRecomendationWithNegativeScoreFactory
DA:1,2
DA:4,2
DA:5,10
DA:12,2
DA:13,2
DA:18,2
DA:19,3
DA:33,2
DA:34,1
LF:9
LH:9
BRF:0
BRH:0
end_of_record
